[2023-10-10 22:17:58,583: LevelName-> INFO: Module-> main: Message-> First log]
[2023-10-10 22:18:36,890: Type-> INFO: File-> main: Message-> First log]
[2023-10-11 17:39:22,516: Type-> INFO: File-> common: Message-> yaml file: config\config.yaml loaded successfully]
[2023-10-11 17:39:22,521: Type-> INFO: File-> common: Message-> yaml file: params.yaml loaded successfully]
[2023-10-11 17:39:22,526: Type-> INFO: File-> common: Message-> created directory at: artifacts]
[2023-10-11 17:39:22,531: Type-> INFO: File-> common: Message-> created directory at: artifacts/data_ingestion]
[2023-10-11 17:39:22,534: Type-> INFO: File-> 1455156846: Message-> Downloading data from https://drive.google.com/file/d/1eWjR0ZA6vCEAw-PTfleqich5HoDqFqP7/view?usp=sharing into file artifacts/data_ingestion/data.zip]
[2023-10-11 17:39:30,498: Type-> INFO: File-> 1455156846: Message-> Downloaded data from https://drive.google.com/file/d/1eWjR0ZA6vCEAw-PTfleqich5HoDqFqP7/view?usp=sharing into file artifacts/data_ingestion/data.zip]
[2023-10-11 17:54:25,319: Type-> INFO: File-> main: Message-> >>>>>> stage Data Ingestion stage started <<<<<<]
[2023-10-11 17:54:25,321: Type-> INFO: File-> common: Message-> yaml file: config\config.yaml loaded successfully]
[2023-10-11 17:54:25,322: Type-> INFO: File-> common: Message-> yaml file: params.yaml loaded successfully]
[2023-10-11 17:54:25,323: Type-> INFO: File-> common: Message-> created directory at: artifacts]
[2023-10-11 17:54:25,325: Type-> INFO: File-> common: Message-> created directory at: artifacts/data_ingestion]
[2023-10-11 17:54:25,326: Type-> INFO: File-> data_ingestion: Message-> Downloading data from https://drive.google.com/file/d/1eWjR0ZA6vCEAw-PTfleqich5HoDqFqP7/view?usp=sharing into file artifacts/data_ingestion/data.zip]
[2023-10-11 17:54:31,654: Type-> INFO: File-> data_ingestion: Message-> Downloaded data from https://drive.google.com/file/d/1eWjR0ZA6vCEAw-PTfleqich5HoDqFqP7/view?usp=sharing into file artifacts/data_ingestion/data.zip]
[2023-10-11 17:54:32,696: Type-> INFO: File-> main: Message-> >>>>>> stage Data Ingestion stage completed <<<<<<

x==========x]
[2023-10-11 19:51:31,301: Type-> INFO: File-> common: Message-> yaml file: config\config.yaml loaded successfully]
[2023-10-11 19:51:31,309: Type-> INFO: File-> common: Message-> yaml file: params.yaml loaded successfully]
[2023-10-11 19:51:31,314: Type-> INFO: File-> common: Message-> created directory at: artifacts]
[2023-10-11 19:51:31,316: Type-> INFO: File-> common: Message-> created directory at: artifacts/prepare_base_model]
[2023-10-11 19:51:32,370: Type-> WARNING: File-> saving_utils: Message-> Compiled the loaded model, but the compiled metrics have yet to be built. `model.compile_metrics` will be empty until you train or evaluate the model.]
[2023-10-11 20:01:21,553: Type-> INFO: File-> main: Message-> >>>>>> Stage Data Ingestion stage started]
[2023-10-11 20:01:21,557: Type-> INFO: File-> common: Message-> yaml file: config\config.yaml loaded successfully]
[2023-10-11 20:01:21,560: Type-> INFO: File-> common: Message-> yaml file: params.yaml loaded successfully]
[2023-10-11 20:01:21,562: Type-> INFO: File-> common: Message-> created directory at: artifacts]
[2023-10-11 20:01:21,563: Type-> INFO: File-> common: Message-> created directory at: artifacts/data_ingestion]
[2023-10-11 20:01:21,564: Type-> INFO: File-> data_ingestion: Message-> Downloading data from https://drive.google.com/file/d/1eWjR0ZA6vCEAw-PTfleqich5HoDqFqP7/view?usp=sharing into file artifacts/data_ingestion/data.zip]
[2023-10-11 20:01:28,240: Type-> INFO: File-> data_ingestion: Message-> Downloaded data from https://drive.google.com/file/d/1eWjR0ZA6vCEAw-PTfleqich5HoDqFqP7/view?usp=sharing into file artifacts/data_ingestion/data.zip]
[2023-10-11 20:01:29,939: Type-> INFO: File-> main: Message-> >>>>>> Stage Data Ingestion stage completed]
[2023-10-11 20:01:29,939: Type-> INFO: File-> main: Message-> *******************]
[2023-10-11 20:01:29,941: Type-> INFO: File-> main: Message-> >>>>>> Stage Prepare base model started]
[2023-10-11 20:01:29,945: Type-> INFO: File-> common: Message-> yaml file: config\config.yaml loaded successfully]
[2023-10-11 20:01:29,950: Type-> INFO: File-> common: Message-> yaml file: params.yaml loaded successfully]
[2023-10-11 20:01:29,952: Type-> INFO: File-> common: Message-> created directory at: artifacts]
[2023-10-11 20:01:29,954: Type-> INFO: File-> common: Message-> created directory at: artifacts/prepare_base_model]
[2023-10-11 20:01:31,102: Type-> WARNING: File-> saving_utils: Message-> Compiled the loaded model, but the compiled metrics have yet to be built. `model.compile_metrics` will be empty until you train or evaluate the model.]
[2023-10-11 20:01:31,542: Type-> INFO: File-> main: Message-> >>>>>> Stage Prepare base model completed]
[2023-10-11 20:45:51,207: Type-> INFO: File-> common: Message-> yaml file: config\config.yaml loaded successfully]
[2023-10-11 20:45:51,212: Type-> INFO: File-> common: Message-> yaml file: params.yaml loaded successfully]
[2023-10-11 20:45:51,214: Type-> INFO: File-> common: Message-> created directory at: artifacts]
[2023-10-11 20:45:51,216: Type-> INFO: File-> common: Message-> created directory at: artifacts\training]
[2023-10-11 20:48:29,394: Type-> INFO: File-> common: Message-> yaml file: config\config.yaml loaded successfully]
[2023-10-11 20:48:29,398: Type-> INFO: File-> common: Message-> yaml file: params.yaml loaded successfully]
[2023-10-11 20:48:29,402: Type-> INFO: File-> common: Message-> created directory at: artifacts]
[2023-10-11 20:48:29,402: Type-> INFO: File-> common: Message-> created directory at: artifacts\training]
[2023-10-11 22:08:49,813: Type-> INFO: File-> main: Message-> >>>>>> Stage Data Ingestion stage started]
[2023-10-11 22:08:49,817: Type-> INFO: File-> common: Message-> yaml file: config\config.yaml loaded successfully]
[2023-10-11 22:08:49,820: Type-> INFO: File-> common: Message-> yaml file: params.yaml loaded successfully]
[2023-10-11 22:08:49,821: Type-> INFO: File-> common: Message-> created directory at: artifacts]
[2023-10-11 22:08:49,821: Type-> INFO: File-> common: Message-> created directory at: artifacts/data_ingestion]
[2023-10-11 22:08:49,822: Type-> INFO: File-> data_ingestion: Message-> Downloading data from https://drive.google.com/file/d/1eWjR0ZA6vCEAw-PTfleqich5HoDqFqP7/view?usp=sharing into file artifacts/data_ingestion/data.zip]
[2023-10-11 22:08:57,125: Type-> INFO: File-> data_ingestion: Message-> Downloaded data from https://drive.google.com/file/d/1eWjR0ZA6vCEAw-PTfleqich5HoDqFqP7/view?usp=sharing into file artifacts/data_ingestion/data.zip]
[2023-10-11 22:08:57,804: Type-> INFO: File-> main: Message-> >>>>>> Stage Data Ingestion stage completed]
[2023-10-11 22:08:57,804: Type-> INFO: File-> main: Message-> *******************]
[2023-10-11 22:08:57,804: Type-> INFO: File-> main: Message-> >>>>>> Stage Prepare base model started]
[2023-10-11 22:08:57,807: Type-> INFO: File-> common: Message-> yaml file: config\config.yaml loaded successfully]
[2023-10-11 22:08:57,810: Type-> INFO: File-> common: Message-> yaml file: params.yaml loaded successfully]
[2023-10-11 22:08:57,811: Type-> INFO: File-> common: Message-> created directory at: artifacts]
[2023-10-11 22:08:57,811: Type-> INFO: File-> common: Message-> created directory at: artifacts/prepare_base_model]
[2023-10-11 22:08:58,382: Type-> WARNING: File-> saving_utils: Message-> Compiled the loaded model, but the compiled metrics have yet to be built. `model.compile_metrics` will be empty until you train or evaluate the model.]
[2023-10-11 22:08:58,724: Type-> INFO: File-> main: Message-> >>>>>> Stage Prepare base model completed]
[2023-10-11 22:08:58,724: Type-> INFO: File-> main: Message-> *******************]
[2023-10-11 22:08:58,724: Type-> INFO: File-> main: Message-> >>>>>> Stage Training]
[2023-10-11 22:08:58,724: Type-> INFO: File-> common: Message-> yaml file: config\config.yaml loaded successfully]
[2023-10-11 22:08:58,724: Type-> INFO: File-> common: Message-> yaml file: params.yaml loaded successfully]
[2023-10-11 22:08:58,724: Type-> INFO: File-> common: Message-> created directory at: artifacts]
[2023-10-11 22:08:58,730: Type-> INFO: File-> common: Message-> created directory at: artifacts\training]
[2023-10-11 22:09:25,558: Type-> INFO: File-> main: Message-> >>>>>> Stage Data Ingestion stage started]
[2023-10-11 22:09:25,558: Type-> INFO: File-> common: Message-> yaml file: config\config.yaml loaded successfully]
[2023-10-11 22:09:25,558: Type-> INFO: File-> common: Message-> yaml file: params.yaml loaded successfully]
[2023-10-11 22:09:25,558: Type-> INFO: File-> common: Message-> created directory at: artifacts]
[2023-10-11 22:09:25,558: Type-> INFO: File-> common: Message-> created directory at: artifacts/data_ingestion]
[2023-10-11 22:09:25,570: Type-> INFO: File-> data_ingestion: Message-> Downloading data from https://drive.google.com/file/d/1eWjR0ZA6vCEAw-PTfleqich5HoDqFqP7/view?usp=sharing into file artifacts/data_ingestion/data.zip]
[2023-10-11 22:09:31,908: Type-> INFO: File-> data_ingestion: Message-> Downloaded data from https://drive.google.com/file/d/1eWjR0ZA6vCEAw-PTfleqich5HoDqFqP7/view?usp=sharing into file artifacts/data_ingestion/data.zip]
[2023-10-11 22:09:32,528: Type-> INFO: File-> main: Message-> >>>>>> Stage Data Ingestion stage completed]
[2023-10-11 22:09:32,528: Type-> INFO: File-> main: Message-> *******************]
[2023-10-11 22:09:32,528: Type-> INFO: File-> main: Message-> >>>>>> Stage Prepare base model started]
[2023-10-11 22:09:32,530: Type-> INFO: File-> common: Message-> yaml file: config\config.yaml loaded successfully]
[2023-10-11 22:09:32,530: Type-> INFO: File-> common: Message-> yaml file: params.yaml loaded successfully]
[2023-10-11 22:09:32,530: Type-> INFO: File-> common: Message-> created directory at: artifacts]
[2023-10-11 22:09:32,535: Type-> INFO: File-> common: Message-> created directory at: artifacts/prepare_base_model]
[2023-10-11 22:09:33,085: Type-> WARNING: File-> saving_utils: Message-> Compiled the loaded model, but the compiled metrics have yet to be built. `model.compile_metrics` will be empty until you train or evaluate the model.]
[2023-10-11 22:09:33,347: Type-> INFO: File-> main: Message-> >>>>>> Stage Prepare base model completed]
[2023-10-11 22:09:33,348: Type-> INFO: File-> main: Message-> *******************]
[2023-10-11 22:09:33,348: Type-> INFO: File-> main: Message-> >>>>>> Stage Training]
[2023-10-11 22:09:33,350: Type-> INFO: File-> common: Message-> yaml file: config\config.yaml loaded successfully]
[2023-10-11 22:09:33,353: Type-> INFO: File-> common: Message-> yaml file: params.yaml loaded successfully]
[2023-10-11 22:09:33,354: Type-> INFO: File-> common: Message-> created directory at: artifacts]
[2023-10-11 22:09:33,355: Type-> INFO: File-> common: Message-> created directory at: artifacts\training]
[2023-10-11 22:11:06,487: Type-> INFO: File-> main: Message-> >>>>>> Stage Training completed]
[2023-10-11 22:32:54,897: Type-> INFO: File-> common: Message-> yaml file: config\config.yaml loaded successfully]
[2023-10-11 22:32:54,901: Type-> INFO: File-> common: Message-> yaml file: params.yaml loaded successfully]
[2023-10-11 22:32:54,903: Type-> INFO: File-> common: Message-> created directory at: artifacts]
[2023-10-11 22:33:29,219: Type-> INFO: File-> common: Message-> json file saved at: scores.json]
[2023-10-11 22:33:36,851: Type-> INFO: File-> builder_impl: Message-> Assets written to: C:\Users\abhis\AppData\Local\Temp\tmp3f6gtjhr\model\data\model\assets]
[2023-10-11 22:38:58,577: Type-> INFO: File-> common: Message-> yaml file: config\config.yaml loaded successfully]
[2023-10-11 22:38:58,582: Type-> INFO: File-> common: Message-> yaml file: params.yaml loaded successfully]
[2023-10-11 22:38:58,586: Type-> INFO: File-> common: Message-> created directory at: artifacts]
[2023-10-11 22:39:31,086: Type-> INFO: File-> common: Message-> json file saved at: scores.json]
[2023-10-11 22:39:39,303: Type-> INFO: File-> builder_impl: Message-> Assets written to: C:\Users\abhis\AppData\Local\Temp\tmp8bco14rl\model\data\model\assets]
[2023-10-11 22:47:40,162: Type-> INFO: File-> main: Message-> >>>>>> Stage Data Ingestion stage started]
[2023-10-11 22:47:40,166: Type-> INFO: File-> common: Message-> yaml file: config\config.yaml loaded successfully]
[2023-10-11 22:47:40,168: Type-> INFO: File-> common: Message-> yaml file: params.yaml loaded successfully]
[2023-10-11 22:47:40,171: Type-> INFO: File-> common: Message-> created directory at: artifacts]
[2023-10-11 22:47:40,173: Type-> INFO: File-> common: Message-> created directory at: artifacts/data_ingestion]
[2023-10-11 22:47:40,175: Type-> INFO: File-> data_ingestion: Message-> Downloading data from https://drive.google.com/file/d/1eWjR0ZA6vCEAw-PTfleqich5HoDqFqP7/view?usp=sharing into file artifacts/data_ingestion/data.zip]
[2023-10-11 22:47:46,464: Type-> INFO: File-> data_ingestion: Message-> Downloaded data from https://drive.google.com/file/d/1eWjR0ZA6vCEAw-PTfleqich5HoDqFqP7/view?usp=sharing into file artifacts/data_ingestion/data.zip]
[2023-10-11 22:47:47,393: Type-> INFO: File-> main: Message-> >>>>>> Stage Data Ingestion stage completed]
[2023-10-11 22:47:47,394: Type-> INFO: File-> main: Message-> *******************]
[2023-10-11 22:47:47,394: Type-> INFO: File-> main: Message-> >>>>>> Stage Prepare base model started]
[2023-10-11 22:47:47,397: Type-> INFO: File-> common: Message-> yaml file: config\config.yaml loaded successfully]
[2023-10-11 22:47:47,400: Type-> INFO: File-> common: Message-> yaml file: params.yaml loaded successfully]
[2023-10-11 22:47:47,402: Type-> INFO: File-> common: Message-> created directory at: artifacts]
[2023-10-11 22:47:47,403: Type-> INFO: File-> common: Message-> created directory at: artifacts/prepare_base_model]
[2023-10-11 22:47:48,147: Type-> WARNING: File-> saving_utils: Message-> Compiled the loaded model, but the compiled metrics have yet to be built. `model.compile_metrics` will be empty until you train or evaluate the model.]
[2023-10-11 22:47:48,436: Type-> INFO: File-> main: Message-> >>>>>> Stage Prepare base model completed]
[2023-10-11 22:47:48,436: Type-> INFO: File-> main: Message-> *******************]
[2023-10-11 22:47:48,437: Type-> INFO: File-> main: Message-> >>>>>> Stage Training]
[2023-10-11 22:47:48,439: Type-> INFO: File-> common: Message-> yaml file: config\config.yaml loaded successfully]
[2023-10-11 22:47:48,440: Type-> INFO: File-> common: Message-> yaml file: params.yaml loaded successfully]
[2023-10-11 22:47:48,441: Type-> INFO: File-> common: Message-> created directory at: artifacts]
[2023-10-11 22:47:48,442: Type-> INFO: File-> common: Message-> created directory at: artifacts\training]
[2023-10-11 22:49:37,543: Type-> INFO: File-> main: Message-> >>>>>> Stage Training completed]
[2023-10-11 22:49:37,543: Type-> INFO: File-> main: Message-> *******************]
[2023-10-11 22:49:37,543: Type-> INFO: File-> main: Message-> >>>>>> Stage Evaluation stage started <<<<<<]
[2023-10-11 22:49:37,546: Type-> INFO: File-> common: Message-> yaml file: config\config.yaml loaded successfully]
[2023-10-11 22:49:37,548: Type-> INFO: File-> common: Message-> yaml file: params.yaml loaded successfully]
[2023-10-11 22:49:37,550: Type-> INFO: File-> common: Message-> created directory at: artifacts]
[2023-10-11 22:50:14,412: Type-> INFO: File-> common: Message-> json file saved at: scores.json]
[2023-10-11 22:50:14,414: Type-> INFO: File-> common: Message-> json file saved at: scores.json]
[2023-10-11 22:50:17,877: Type-> INFO: File-> builder_impl: Message-> Assets written to: C:\Users\abhis\AppData\Local\Temp\tmpofta5rln\model\data\model\assets]
[2023-10-11 22:50:31,500: Type-> INFO: File-> main: Message-> >>>>>> Stage Evaluation stage completed <<<<<<]
[2023-10-11 22:51:13,080: Type-> INFO: File-> main: Message-> >>>>>> Stage Data Ingestion stage started]
[2023-10-11 22:51:13,084: Type-> INFO: File-> common: Message-> yaml file: config\config.yaml loaded successfully]
[2023-10-11 22:51:13,086: Type-> INFO: File-> common: Message-> yaml file: params.yaml loaded successfully]
[2023-10-11 22:51:13,086: Type-> INFO: File-> common: Message-> created directory at: artifacts]
[2023-10-11 22:51:13,087: Type-> INFO: File-> common: Message-> created directory at: artifacts/data_ingestion]
[2023-10-11 22:51:13,089: Type-> INFO: File-> data_ingestion: Message-> Downloading data from https://drive.google.com/file/d/1eWjR0ZA6vCEAw-PTfleqich5HoDqFqP7/view?usp=sharing into file artifacts/data_ingestion/data.zip]
[2023-10-11 22:51:19,485: Type-> INFO: File-> data_ingestion: Message-> Downloaded data from https://drive.google.com/file/d/1eWjR0ZA6vCEAw-PTfleqich5HoDqFqP7/view?usp=sharing into file artifacts/data_ingestion/data.zip]
[2023-10-11 22:51:20,417: Type-> INFO: File-> main: Message-> >>>>>> Stage Data Ingestion stage completed]
[2023-10-11 22:51:20,417: Type-> INFO: File-> main: Message-> *******************]
[2023-10-11 22:51:20,417: Type-> INFO: File-> main: Message-> >>>>>> Stage Prepare base model started]
[2023-10-11 22:51:20,417: Type-> INFO: File-> common: Message-> yaml file: config\config.yaml loaded successfully]
[2023-10-11 22:51:20,417: Type-> INFO: File-> common: Message-> yaml file: params.yaml loaded successfully]
[2023-10-11 22:51:20,427: Type-> INFO: File-> common: Message-> created directory at: artifacts]
[2023-10-11 22:51:20,427: Type-> INFO: File-> common: Message-> created directory at: artifacts/prepare_base_model]
[2023-10-11 22:51:21,178: Type-> WARNING: File-> saving_utils: Message-> Compiled the loaded model, but the compiled metrics have yet to be built. `model.compile_metrics` will be empty until you train or evaluate the model.]
[2023-10-11 22:51:21,521: Type-> INFO: File-> main: Message-> >>>>>> Stage Prepare base model completed]
[2023-10-11 22:51:21,521: Type-> INFO: File-> main: Message-> *******************]
[2023-10-11 22:51:21,521: Type-> INFO: File-> main: Message-> >>>>>> Stage Training]
[2023-10-11 22:51:21,536: Type-> INFO: File-> common: Message-> yaml file: config\config.yaml loaded successfully]
[2023-10-11 22:51:21,536: Type-> INFO: File-> common: Message-> yaml file: params.yaml loaded successfully]
[2023-10-11 22:51:21,536: Type-> INFO: File-> common: Message-> created directory at: artifacts]
[2023-10-11 22:51:21,536: Type-> INFO: File-> common: Message-> created directory at: artifacts\training]
[2023-10-11 22:54:57,475: Type-> INFO: File-> main: Message-> >>>>>> Stage Training completed]
[2023-10-11 22:54:57,475: Type-> INFO: File-> main: Message-> *******************]
[2023-10-11 22:54:57,475: Type-> INFO: File-> main: Message-> >>>>>> Stage Evaluation stage started <<<<<<]
[2023-10-11 22:54:57,475: Type-> INFO: File-> common: Message-> yaml file: config\config.yaml loaded successfully]
[2023-10-11 22:54:57,475: Type-> INFO: File-> common: Message-> yaml file: params.yaml loaded successfully]
[2023-10-11 22:54:57,475: Type-> INFO: File-> common: Message-> created directory at: artifacts]
[2023-10-11 22:55:30,148: Type-> INFO: File-> common: Message-> json file saved at: scores.json]
[2023-10-11 22:55:30,151: Type-> INFO: File-> common: Message-> json file saved at: scores.json]
[2023-10-11 22:55:33,243: Type-> INFO: File-> builder_impl: Message-> Assets written to: C:\Users\abhis\AppData\Local\Temp\tmp2cs70hom\model\data\model\assets]
[2023-10-11 22:55:45,363: Type-> INFO: File-> main: Message-> >>>>>> Stage Evaluation stage completed <<<<<<]
[2023-10-12 14:25:33,045: Type-> INFO: File-> stage_01_data_ingestion: Message-> >>>>>> Stage Data Ingestion stage started]
[2023-10-12 14:25:33,047: Type-> INFO: File-> common: Message-> yaml file: config\config.yaml loaded successfully]
[2023-10-12 14:25:33,049: Type-> INFO: File-> common: Message-> yaml file: params.yaml loaded successfully]
[2023-10-12 14:25:33,050: Type-> INFO: File-> common: Message-> created directory at: artifacts]
[2023-10-12 14:25:33,050: Type-> INFO: File-> common: Message-> created directory at: artifacts/data_ingestion]
[2023-10-12 14:25:33,051: Type-> INFO: File-> data_ingestion: Message-> Downloading data from https://drive.google.com/file/d/1eWjR0ZA6vCEAw-PTfleqich5HoDqFqP7/view?usp=sharing into file artifacts/data_ingestion/data.zip]
[2023-10-12 14:25:46,866: Type-> INFO: File-> data_ingestion: Message-> Downloaded data from https://drive.google.com/file/d/1eWjR0ZA6vCEAw-PTfleqich5HoDqFqP7/view?usp=sharing into file artifacts/data_ingestion/data.zip]
[2023-10-12 14:25:47,782: Type-> INFO: File-> stage_01_data_ingestion: Message-> >>>>>> Stage Data Ingestion stage completed]
[2023-10-12 14:26:13,781: Type-> INFO: File-> stage_02_prepare_base_model: Message-> *******************]
[2023-10-12 14:26:13,781: Type-> INFO: File-> stage_02_prepare_base_model: Message-> >>>>>> Stage Prepare base model started]
[2023-10-12 14:26:13,784: Type-> INFO: File-> common: Message-> yaml file: config\config.yaml loaded successfully]
[2023-10-12 14:26:13,786: Type-> INFO: File-> common: Message-> yaml file: params.yaml loaded successfully]
[2023-10-12 14:26:13,787: Type-> INFO: File-> common: Message-> created directory at: artifacts]
[2023-10-12 14:26:13,787: Type-> INFO: File-> common: Message-> created directory at: artifacts/prepare_base_model]
[2023-10-12 14:26:14,605: Type-> WARNING: File-> saving_utils: Message-> Compiled the loaded model, but the compiled metrics have yet to be built. `model.compile_metrics` will be empty until you train or evaluate the model.]
[2023-10-12 14:26:14,931: Type-> INFO: File-> stage_02_prepare_base_model: Message-> >>>>>> Stage Prepare base model completed]
[2023-10-12 14:26:22,653: Type-> INFO: File-> stage_03_model_training: Message-> *******************]
[2023-10-12 14:26:22,653: Type-> INFO: File-> stage_03_model_training: Message-> >>>>>> Stage Training]
[2023-10-12 14:26:22,655: Type-> INFO: File-> common: Message-> yaml file: config\config.yaml loaded successfully]
[2023-10-12 14:26:22,658: Type-> INFO: File-> common: Message-> yaml file: params.yaml loaded successfully]
[2023-10-12 14:26:22,658: Type-> INFO: File-> common: Message-> created directory at: artifacts]
[2023-10-12 14:26:22,659: Type-> INFO: File-> common: Message-> created directory at: artifacts\training]
[2023-10-12 14:29:36,605: Type-> INFO: File-> stage_03_model_training: Message-> >>>>>> Stage Training completed]
[2023-10-12 14:29:46,913: Type-> INFO: File-> stage_04_model_evaluation: Message-> *******************]
[2023-10-12 14:29:46,913: Type-> INFO: File-> stage_04_model_evaluation: Message-> >>>>>> Stage Evaluation stage started <<<<<<]
[2023-10-12 14:29:46,916: Type-> INFO: File-> common: Message-> yaml file: config\config.yaml loaded successfully]
[2023-10-12 14:29:46,918: Type-> INFO: File-> common: Message-> yaml file: params.yaml loaded successfully]
[2023-10-12 14:29:46,919: Type-> INFO: File-> common: Message-> created directory at: artifacts]
[2023-10-12 14:30:15,964: Type-> INFO: File-> common: Message-> json file saved at: scores.json]
[2023-10-12 14:30:15,965: Type-> INFO: File-> common: Message-> json file saved at: scores.json]
[2023-10-12 14:30:15,967: Type-> INFO: File-> stage_04_model_evaluation: Message-> >>>>>> Stage Evaluation stage completed <<<<<<]
[2023-10-12 14:47:04,031: Type-> INFO: File-> _internal: Message-> [31m[1mWARNING: This is a development server. Do not use it in a production deployment. Use a production WSGI server instead.[0m
 * Running on all addresses (0.0.0.0)
 * Running on http://127.0.0.1:8080
 * Running on http://192.168.29.77:8080]
[2023-10-12 14:47:04,032: Type-> INFO: File-> _internal: Message-> [33mPress CTRL+C to quit[0m]
[2023-10-12 14:47:07,740: Type-> INFO: File-> _internal: Message-> 127.0.0.1 - - [12/Oct/2023 14:47:07] "GET / HTTP/1.1" 200 -]
[2023-10-12 14:47:21,482: Type-> ERROR: File-> app: Message-> Exception on /predict [POST]]
Traceback (most recent call last):
  File "C:\Users\abhis\OneDrive\Desktop\kidney_disease_classification\env\Lib\site-packages\flask\app.py", line 2190, in wsgi_app
    response = self.full_dispatch_request()
               ^^^^^^^^^^^^^^^^^^^^^^^^^^^^
  File "C:\Users\abhis\OneDrive\Desktop\kidney_disease_classification\env\Lib\site-packages\flask\app.py", line 1486, in full_dispatch_request
    rv = self.handle_user_exception(e)
         ^^^^^^^^^^^^^^^^^^^^^^^^^^^^^
  File "C:\Users\abhis\OneDrive\Desktop\kidney_disease_classification\env\Lib\site-packages\flask_cors\extension.py", line 176, in wrapped_function
    return cors_after_request(app.make_response(f(*args, **kwargs)))
                                                ^^^^^^^^^^^^^^^^^^
  File "C:\Users\abhis\OneDrive\Desktop\kidney_disease_classification\env\Lib\site-packages\flask\app.py", line 1484, in full_dispatch_request
    rv = self.dispatch_request()
         ^^^^^^^^^^^^^^^^^^^^^^^
  File "C:\Users\abhis\OneDrive\Desktop\kidney_disease_classification\env\Lib\site-packages\flask\app.py", line 1469, in dispatch_request
    return self.ensure_sync(self.view_functions[rule.endpoint])(**view_args)
           ^^^^^^^^^^^^^^^^^^^^^^^^^^^^^^^^^^^^^^^^^^^^^^^^^^^^^^^^^^^^^^^^^
  File "C:\Users\abhis\OneDrive\Desktop\kidney_disease_classification\env\Lib\site-packages\flask_cors\decorator.py", line 130, in wrapped_function
    resp = make_response(f(*args, **kwargs))
                         ^^^^^^^^^^^^^^^^^^
  File "C:\Users\abhis\OneDrive\Desktop\kidney_disease_classification\app.py", line 35, in predictRoute
    result = clApp.classifier.predict()
             ^^^^^^^^^^^^^^^^^^^^^^^^^^
  File "c:\users\abhis\onedrive\desktop\kidney_disease_classification\src\cnnClassifier\pipeline\prediction.py", line 12, in predict
    model = load_model(os.path.join("model", "model.h5"))
            ^^^^^^^^^^^^^^^^^^^^^^^^^^^^^^^^^^^^^^^^^^^^^
  File "C:\Users\abhis\OneDrive\Desktop\kidney_disease_classification\env\Lib\site-packages\keras\src\saving\saving_api.py", line 262, in load_model
    return legacy_sm_saving_lib.load_model(
           ^^^^^^^^^^^^^^^^^^^^^^^^^^^^^^^^
  File "C:\Users\abhis\OneDrive\Desktop\kidney_disease_classification\env\Lib\site-packages\keras\src\utils\traceback_utils.py", line 70, in error_handler
    raise e.with_traceback(filtered_tb) from None
  File "C:\Users\abhis\OneDrive\Desktop\kidney_disease_classification\env\Lib\site-packages\keras\src\saving\legacy\save.py", line 234, in load_model
    raise IOError(
OSError: No file or directory found at model\model.h5
[2023-10-12 14:47:21,513: Type-> INFO: File-> _internal: Message-> 127.0.0.1 - - [12/Oct/2023 14:47:21] "[35m[1mPOST /predict HTTP/1.1[0m" 500 -]
[2023-10-12 14:52:03,753: Type-> INFO: File-> _internal: Message-> [31m[1mWARNING: This is a development server. Do not use it in a production deployment. Use a production WSGI server instead.[0m
 * Running on all addresses (0.0.0.0)
 * Running on http://127.0.0.1:8080
 * Running on http://192.168.29.77:8080]
[2023-10-12 14:52:03,753: Type-> INFO: File-> _internal: Message-> [33mPress CTRL+C to quit[0m]
[2023-10-12 14:52:05,702: Type-> INFO: File-> _internal: Message-> 127.0.0.1 - - [12/Oct/2023 14:52:05] "GET / HTTP/1.1" 200 -]
[2023-10-12 14:52:14,604: Type-> INFO: File-> _internal: Message-> 127.0.0.1 - - [12/Oct/2023 14:52:14] "POST /predict HTTP/1.1" 200 -]
